<?xml version="1.0" encoding="UTF-8"?>
<testng-results skipped="0" failed="0" ignored="0" total="1" passed="1">
  <reporter-output>
  </reporter-output>
  <suite name="Default suite" duration-ms="3500" started-at="2019-01-18T04:44:37Z" finished-at="2019-01-18T04:44:40Z">
    <groups>
    </groups>
    <test name="Default test" duration-ms="3500" started-at="2019-01-18T04:44:37Z" finished-at="2019-01-18T04:44:40Z">
      <class name="getRequest.JsonPathEvaluate">
        <test-method status="PASS" signature="DisplayAllNodesInWeatherAPI()[pri:0, instance:getRequest.JsonPathEvaluate@1593948d]" name="DisplayAllNodesInWeatherAPI" duration-ms="3394" started-at="2019-01-18T04:44:37Z" finished-at="2019-01-18T04:44:40Z">
          <reporter-output>
          </reporter-output>
        </test-method> <!-- DisplayAllNodesInWeatherAPI -->
      </class> <!-- getRequest.JsonPathEvaluate -->
    </test> <!-- Default test -->
  </suite> <!-- Default suite -->
</testng-results>
